<?xml version="1.0" encoding="UTF-8"?>
<testng-results skipped="0" failed="0" total="0" passed="0">
  <reporter-output>
  </reporter-output>
  <suite name="E_Commerce.DataDriven.FW.AppTest" duration-ms="4" started-at="2017-05-17T19:44:39Z" finished-at="2017-05-17T19:44:39Z">
    <groups>
    </groups>
    <test name="Command line test" duration-ms="4" started-at="2017-05-17T19:44:39Z" finished-at="2017-05-17T19:44:39Z">
    </test> <!-- Command line test -->
  </suite> <!-- E_Commerce.DataDriven.FW.AppTest -->
</testng-results>
